running egg_info
writing ../../build/chatter/chatter.egg-info/PKG-INFO
writing dependency_links to ../../build/chatter/chatter.egg-info/dependency_links.txt
writing entry points to ../../build/chatter/chatter.egg-info/entry_points.txt
writing requirements to ../../build/chatter/chatter.egg-info/requires.txt
writing top-level names to ../../build/chatter/chatter.egg-info/top_level.txt
reading manifest file '../../build/chatter/chatter.egg-info/SOURCES.txt'
writing manifest file '../../build/chatter/chatter.egg-info/SOURCES.txt'
running build
running build_py
copying chatter/talker_node.py -> /my_workspace/edrom_ws/build/chatter/build/lib/chatter
running install
running install_lib
copying /my_workspace/edrom_ws/build/chatter/build/lib/chatter/talker_node.py -> /my_workspace/edrom_ws/install/chatter/lib/python3.10/site-packages/chatter
byte-compiling /my_workspace/edrom_ws/install/chatter/lib/python3.10/site-packages/chatter/talker_node.py to talker_node.cpython-310.pyc
running install_data
running install_egg_info
removing '/my_workspace/edrom_ws/install/chatter/lib/python3.10/site-packages/chatter-0.0.0-py3.10.egg-info' (and everything under it)
Copying ../../build/chatter/chatter.egg-info to /my_workspace/edrom_ws/install/chatter/lib/python3.10/site-packages/chatter-0.0.0-py3.10.egg-info
running install_scripts
Installing talker script to /my_workspace/edrom_ws/install/chatter/lib/chatter
writing list of installed files to '/my_workspace/edrom_ws/build/chatter/install.log'
