[0.612s] Invoking command in '/my_workspace/edrom_ws/src/calculator': PYTHONPATH=/my_workspace/edrom_ws/build/calculator/prefix_override:/usr/lib/python3/dist-packages/colcon_core/task/python/colcon_distutils_commands:/my_workspace/edrom_ws/install/calculator/lib/python3.10/site-packages:${PYTHONPATH} /usr/bin/python3 -W ignore:setup.py install is deprecated -W ignore:easy_install command is deprecated setup.py egg_info --egg-base ../../build/calculator build --build-base /my_workspace/edrom_ws/build/calculator/build install --record /my_workspace/edrom_ws/build/calculator/install.log --single-version-externally-managed install_data
[0.859s] running egg_info
[0.860s] writing ../../build/calculator/calculator.egg-info/PKG-INFO
[0.860s] writing dependency_links to ../../build/calculator/calculator.egg-info/dependency_links.txt
[0.861s] writing entry points to ../../build/calculator/calculator.egg-info/entry_points.txt
[0.861s] writing requirements to ../../build/calculator/calculator.egg-info/requires.txt
[0.861s] writing top-level names to ../../build/calculator/calculator.egg-info/top_level.txt
[0.864s] reading manifest file '../../build/calculator/calculator.egg-info/SOURCES.txt'
[0.870s] writing manifest file '../../build/calculator/calculator.egg-info/SOURCES.txt'
[0.870s] running build
[0.870s] running build_py
[0.870s] copying calculator/client_node.py -> /my_workspace/edrom_ws/build/calculator/build/lib/calculator
[0.871s] running install
[0.871s] running install_lib
[0.872s] copying /my_workspace/edrom_ws/build/calculator/build/lib/calculator/client_node.py -> /my_workspace/edrom_ws/install/calculator/lib/python3.10/site-packages/calculator
[0.873s] byte-compiling /my_workspace/edrom_ws/install/calculator/lib/python3.10/site-packages/calculator/client_node.py to client_node.cpython-310.pyc
[0.874s] running install_data
[0.874s] running install_egg_info
[0.877s] removing '/my_workspace/edrom_ws/install/calculator/lib/python3.10/site-packages/calculator-0.0.0-py3.10.egg-info' (and everything under it)
[0.877s] Copying ../../build/calculator/calculator.egg-info to /my_workspace/edrom_ws/install/calculator/lib/python3.10/site-packages/calculator-0.0.0-py3.10.egg-info
[0.878s] running install_scripts
[0.901s] Installing calculator_client script to /my_workspace/edrom_ws/install/calculator/lib/calculator
[0.901s] Installing calculator_server script to /my_workspace/edrom_ws/install/calculator/lib/calculator
[0.901s] writing list of installed files to '/my_workspace/edrom_ws/build/calculator/install.log'
[0.935s] Invoked command in '/my_workspace/edrom_ws/src/calculator' returned '0': PYTHONPATH=/my_workspace/edrom_ws/build/calculator/prefix_override:/usr/lib/python3/dist-packages/colcon_core/task/python/colcon_distutils_commands:/my_workspace/edrom_ws/install/calculator/lib/python3.10/site-packages:${PYTHONPATH} /usr/bin/python3 -W ignore:setup.py install is deprecated -W ignore:easy_install command is deprecated setup.py egg_info --egg-base ../../build/calculator build --build-base /my_workspace/edrom_ws/build/calculator/build install --record /my_workspace/edrom_ws/build/calculator/install.log --single-version-externally-managed install_data
