running egg_info
creating ../../build/calculator/calculator.egg-info
writing ../../build/calculator/calculator.egg-info/PKG-INFO
writing dependency_links to ../../build/calculator/calculator.egg-info/dependency_links.txt
writing entry points to ../../build/calculator/calculator.egg-info/entry_points.txt
writing requirements to ../../build/calculator/calculator.egg-info/requires.txt
writing top-level names to ../../build/calculator/calculator.egg-info/top_level.txt
writing manifest file '../../build/calculator/calculator.egg-info/SOURCES.txt'
reading manifest file '../../build/calculator/calculator.egg-info/SOURCES.txt'
writing manifest file '../../build/calculator/calculator.egg-info/SOURCES.txt'
running build
running build_py
creating /my_workspace/edrom_ws/build/calculator/build
creating /my_workspace/edrom_ws/build/calculator/build/lib
creating /my_workspace/edrom_ws/build/calculator/build/lib/calculator
copying calculator/client_node.py -> /my_workspace/edrom_ws/build/calculator/build/lib/calculator
copying calculator/__init__.py -> /my_workspace/edrom_ws/build/calculator/build/lib/calculator
copying calculator/server_node.py -> /my_workspace/edrom_ws/build/calculator/build/lib/calculator
running install
running install_lib
creating /my_workspace/edrom_ws/install/calculator/lib/python3.10/site-packages/calculator
copying /my_workspace/edrom_ws/build/calculator/build/lib/calculator/client_node.py -> /my_workspace/edrom_ws/install/calculator/lib/python3.10/site-packages/calculator
copying /my_workspace/edrom_ws/build/calculator/build/lib/calculator/__init__.py -> /my_workspace/edrom_ws/install/calculator/lib/python3.10/site-packages/calculator
copying /my_workspace/edrom_ws/build/calculator/build/lib/calculator/server_node.py -> /my_workspace/edrom_ws/install/calculator/lib/python3.10/site-packages/calculator
byte-compiling /my_workspace/edrom_ws/install/calculator/lib/python3.10/site-packages/calculator/client_node.py to client_node.cpython-310.pyc
byte-compiling /my_workspace/edrom_ws/install/calculator/lib/python3.10/site-packages/calculator/__init__.py to __init__.cpython-310.pyc
byte-compiling /my_workspace/edrom_ws/install/calculator/lib/python3.10/site-packages/calculator/server_node.py to server_node.cpython-310.pyc
running install_data
creating /my_workspace/edrom_ws/install/calculator/share/ament_index
creating /my_workspace/edrom_ws/install/calculator/share/ament_index/resource_index
creating /my_workspace/edrom_ws/install/calculator/share/ament_index/resource_index/packages
copying resource/calculator -> /my_workspace/edrom_ws/install/calculator/share/ament_index/resource_index/packages
copying package.xml -> /my_workspace/edrom_ws/install/calculator/share/calculator
running install_egg_info
Copying ../../build/calculator/calculator.egg-info to /my_workspace/edrom_ws/install/calculator/lib/python3.10/site-packages/calculator-0.0.0-py3.10.egg-info
running install_scripts
Installing calculator_client script to /my_workspace/edrom_ws/install/calculator/lib/calculator
Installing calculator_server script to /my_workspace/edrom_ws/install/calculator/lib/calculator
writing list of installed files to '/my_workspace/edrom_ws/build/calculator/install.log'
